# JRE version: Java(TM) SE Runtime Environment (8.0_151-b12) (build 1.8.0_151-b12)
# Java VM: Java HotSpot(TM) 64-Bit Server VM (25.151-b12 mixed mode windows-amd64 compressed oops)
Heap:
 PSYoungGen      total 163328K, used 54075K [0x00000000eb100000, 0x00000000f9700000, 0x0000000100000000)
  eden space 151040K, 35% used [0x00000000eb100000,0x00000000ee5ceef0,0x00000000f4480000)
  from space 12288K, 0% used [0x00000000f4480000,0x00000000f4480000,0x00000000f5080000)
  to   space 11776K, 0% used [0x00000000f8b80000,0x00000000f8b80000,0x00000000f9700000)
 ParOldGen       total 58368K, used 21215K [0x00000000c1200000, 0x00000000c4b00000, 0x00000000eb100000)
  object space 58368K, 36% used [0x00000000c1200000,0x00000000c26b7e18,0x00000000c4b00000)
 Metaspace       used 39117K, capacity 39662K, committed 39808K, reserved 1083392K
  class space    used 5057K, capacity 5196K, committed 5248K, reserved 1048576K
GC Heap History (10 events):
Event: 3.297 GC heap before
{Heap before GC invocations=9 (full 1):
 PSYoungGen      total 72704K, used 64512K [0x00000000eb100000, 0x00000000f3f00000, 0x0000000100000000)
  eden space 64512K, 100% used [0x00000000eb100000,0x00000000ef000000,0x00000000ef000000)
  from space 8192K, 0% used [0x00000000ef000000,0x00000000ef000000,0x00000000ef800000)
  to   space 8192K, 0% used [0x00000000f3700000,0x00000000f3700000,0x00000000f3f00000)
 ParOldGen       total 32768K, used 8214K [0x00000000c1200000, 0x00000000c3200000, 0x00000000eb100000)
  object space 32768K, 25% used [0x00000000c1200000,0x00000000c1a05948,0x00000000c3200000)
 Metaspace       used 22685K, capacity 23078K, committed 23344K, reserved 1069056K
  class space    used 2773K, capacity 2910K, committed 2944K, reserved 1048576K
Event: 3.309 GC heap after
Heap after GC invocations=9 (full 1):
 PSYoungGen      total 114688K, used 3662K [0x00000000eb100000, 0x00000000f3b00000, 0x0000000100000000)
  eden space 110592K, 0% used [0x00000000eb100000,0x00000000eb100000,0x00000000f1d00000)
  from space 4096K, 89% used [0x00000000f3700000,0x00000000f3a93b28,0x00000000f3b00000)
  to   space 7680K, 0% used [0x00000000f2c00000,0x00000000f2c00000,0x00000000f3380000)
 ParOldGen       total 32768K, used 8214K [0x00000000c1200000, 0x00000000c3200000, 0x00000000eb100000)
  object space 32768K, 25% used [0x00000000c1200000,0x00000000c1a05948,0x00000000c3200000)
 Metaspace       used 22685K, capacity 23078K, committed 23344K, reserved 1069056K
  class space    used 2773K, capacity 2910K, committed 2944K, reserved 1048576K
}
Event: 4.907 GC heap before
{Heap before GC invocations=10 (full 1):
 PSYoungGen      total 114688K, used 114254K [0x00000000eb100000, 0x00000000f3b00000, 0x0000000100000000)
  eden space 110592K, 100% used [0x00000000eb100000,0x00000000f1d00000,0x00000000f1d00000)
  from space 4096K, 89% used [0x00000000f3700000,0x00000000f3a93b28,0x00000000f3b00000)
  to   space 7680K, 0% used [0x00000000f2c00000,0x00000000f2c00000,0x00000000f3380000)
 ParOldGen       total 32768K, used 8214K [0x00000000c1200000, 0x00000000c3200000, 0x00000000eb100000)
  object space 32768K, 25% used [0x00000000c1200000,0x00000000c1a05948,0x00000000c3200000)
 Metaspace       used 26341K, capacity 26812K, committed 27008K, reserved 1073152K
  class space    used 3271K, capacity 3399K, committed 3456K, reserved 1048576K
Event: 4.917 GC heap after
Heap after GC invocations=10 (full 1):
 PSYoungGen      total 133632K, used 7656K [0x00000000eb100000, 0x00000000f5900000, 0x0000000100000000)
  eden space 125952K, 0% used [0x00000000eb100000,0x00000000eb100000,0x00000000f2c00000)
  from space 7680K, 99% used [0x00000000f2c00000,0x00000000f337a3e8,0x00000000f3380000)
  to   space 8704K, 0% used [0x00000000f5080000,0x00000000f5080000,0x00000000f5900000)
 ParOldGen       total 32768K, used 8642K [0x00000000c1200000, 0x00000000c3200000, 0x00000000eb100000)
  object space 32768K, 26% used [0x00000000c1200000,0x00000000c1a70958,0x00000000c3200000)
 Metaspace       used 26341K, capacity 26812K, committed 27008K, reserved 1073152K
  class space    used 3271K, capacity 3399K, committed 3456K, reserved 1048576K
}
Event: 6.135 GC heap before
{Heap before GC invocations=11 (full 1):
 PSYoungGen      total 133632K, used 133608K [0x00000000eb100000, 0x00000000f5900000, 0x0000000100000000)
  eden space 125952K, 100% used [0x00000000eb100000,0x00000000f2c00000,0x00000000f2c00000)
  from space 7680K, 99% used [0x00000000f2c00000,0x00000000f337a3e8,0x00000000f3380000)
  to   space 8704K, 0% used [0x00000000f5080000,0x00000000f5080000,0x00000000f5900000)
 ParOldGen       total 32768K, used 8642K [0x00000000c1200000, 0x00000000c3200000, 0x00000000eb100000)
  object space 32768K, 26% used [0x00000000c1200000,0x00000000c1a70958,0x00000000c3200000)
 Metaspace       used 30982K, capacity 31454K, committed 31744K, reserved 1077248K
  class space    used 3880K, capacity 4018K, committed 4096K, reserved 1048576K
Event: 6.185 GC heap after
Heap after GC invocations=11 (full 1):
 PSYoungGen      total 159744K, used 8683K [0x00000000eb100000, 0x00000000f7480000, 0x0000000100000000)
  eden space 151040K, 0% used [0x00000000eb100000,0x00000000eb100000,0x00000000f4480000)
  from space 8704K, 99% used [0x00000000f5080000,0x00000000f58fafd0,0x00000000f5900000)
  to   space 12288K, 0% used [0x00000000f4480000,0x00000000f4480000,0x00000000f5080000)
 ParOldGen       total 32768K, used 14919K [0x00000000c1200000, 0x00000000c3200000, 0x00000000eb100000)
  object space 32768K, 45% used [0x00000000c1200000,0x00000000c2091c38,0x00000000c3200000)
 Metaspace       used 30982K, capacity 31454K, committed 31744K, reserved 1077248K
  class space    used 3880K, capacity 4018K, committed 4096K, reserved 1048576K
}
Event: 7.088 GC heap before
{Heap before GC invocations=12 (full 1):
 PSYoungGen      total 159744K, used 72288K [0x00000000eb100000, 0x00000000f7480000, 0x0000000100000000)
  eden space 151040K, 42% used [0x00000000eb100000,0x00000000eef1d058,0x00000000f4480000)
  from space 8704K, 99% used [0x00000000f5080000,0x00000000f58fafd0,0x00000000f5900000)
  to   space 12288K, 0% used [0x00000000f4480000,0x00000000f4480000,0x00000000f5080000)
 ParOldGen       total 32768K, used 14919K [0x00000000c1200000, 0x00000000c3200000, 0x00000000eb100000)
  object space 32768K, 45% used [0x00000000c1200000,0x00000000c2091c38,0x00000000c3200000)
 Metaspace       used 34861K, capacity 35304K, committed 35456K, reserved 1081344K
  class space    used 4318K, capacity 4427K, committed 4480K, reserved 1048576K
Event: 7.135 GC heap after
Heap after GC invocations=12 (full 1):
 PSYoungGen      total 163328K, used 4609K [0x00000000eb100000, 0x00000000f9700000, 0x0000000100000000)
  eden space 151040K, 0% used [0x00000000eb100000,0x00000000eb100000,0x00000000f4480000)
  from space 12288K, 37% used [0x00000000f4480000,0x00000000f4900528,0x00000000f5080000)
  to   space 11776K, 0% used [0x00000000f8b80000,0x00000000f8b80000,0x00000000f9700000)
 ParOldGen       total 32768K, used 23531K [0x00000000c1200000, 0x00000000c3200000, 0x00000000eb100000)
  object space 32768K, 71% used [0x00000000c1200000,0x00000000c28fac28,0x00000000c3200000)
 Metaspace       used 34861K, capacity 35304K, committed 35456K, reserved 1081344K
  class space    used 4318K, capacity 4427K, committed 4480K, reserved 1048576K
}
Event: 7.135 GC heap before
{Heap before GC invocations=13 (full 2):
 PSYoungGen      total 163328K, used 4609K [0x00000000eb100000, 0x00000000f9700000, 0x0000000100000000)
  eden space 151040K, 0% used [0x00000000eb100000,0x00000000eb100000,0x00000000f4480000)
  from space 12288K, 37% used [0x00000000f4480000,0x00000000f4900528,0x00000000f5080000)
  to   space 11776K, 0% used [0x00000000f8b80000,0x00000000f8b80000,0x00000000f9700000)
 ParOldGen       total 32768K, used 23531K [0x00000000c1200000, 0x00000000c3200000, 0x00000000eb100000)
  object space 32768K, 71% used [0x00000000c1200000,0x00000000c28fac28,0x00000000c3200000)
 Metaspace       used 34861K, capacity 35304K, committed 35456K, reserved 1081344K
  class space    used 4318K, capacity 4427K, committed 4480K, reserved 1048576K
Event: 7.327 GC heap after
Heap after GC invocations=13 (full 2):
 PSYoungGen      total 163328K, used 0K [0x00000000eb100000, 0x00000000f9700000, 0x0000000100000000)
  eden space 151040K, 0% used [0x00000000eb100000,0x00000000eb100000,0x00000000f4480000)
  from space 12288K, 0% used [0x00000000f4480000,0x00000000f4480000,0x00000000f5080000)
  to   space 11776K, 0% used [0x00000000f8b80000,0x00000000f8b80000,0x00000000f9700000)
 ParOldGen       total 58368K, used 21215K [0x00000000c1200000, 0x00000000c4b00000, 0x00000000eb100000)
  object space 58368K, 36% used [0x00000000c1200000,0x00000000c26b7e18,0x00000000c4b00000)
 Metaspace       used 34861K, capacity 35304K, committed 35456K, reserved 1081344K
  class space    used 4318K, capacity 4427K, committed 4480K, reserved 1048576K
}

